        -:    0:Source:/Users/standard/Desktop/Projects/raytracer/raytracer/include/canvas.h
        -:    0:Graph:../build/CMakeFiles/main_lib.dir/src/canvas.c.gcno
        -:    0:Data:../build/CMakeFiles/main_lib.dir/src/canvas.c.gcda
        -:    0:Runs:1
        -:    1:// canvas.h
        -:    2:
        -:    3:// tuples.h
        -:    4:
        -:    5:#ifndef CANVAS_H
        -:    6:#define CANVAS_H
        -:    7:
        -:    8:#include "tuples.h"
        -:    9:
        -:   10:typedef struct
        -:   11:{
        -:   12:    unsigned width;
        -:   13:    unsigned height;
        -:   14:    tuple_t *pixels;
        -:   15:} canvas_t;
        -:   16:
        -:   17:canvas_t *canvas(const unsigned width, const unsigned height);
        -:   18:
      586:   19:static inline double canvas_clamp(double value)
        -:   20:{
      586:   21:    return fmax(0.0, fmin(1.0, value));
        -:   22:}
        -:   23:
        -:   24:void canvas_write_pixel(canvas_t *c, unsigned x, unsigned y, tuple_t color);
        -:   25:
        -:   26:tuple_t canvas_pixel_at(const canvas_t *c, const unsigned x, const unsigned y);
        -:   27:
        -:   28:char *canvas_to_ppm(const canvas_t *c);
        -:   29:
        -:   30:void canvas_free(canvas_t *c);
        -:   31:
        -:   32:bool canvas_save(const canvas_t *c, const char *file_path);
        -:   33:
        -:   34:#endif
